# JRE version: OpenJDK Runtime Environment (11.0.9.1+1) (build 11.0.9.1+1-Ubuntu-0ubuntu1.20.04)
# Java VM: OpenJDK 64-Bit Server VM (11.0.9.1+1-Ubuntu-0ubuntu1.20.04, mixed mode, sharing, tiered, compressed oops, g1 gc, linux-amd64)
Heap:
 garbage-first heap   total 221184K, used 39512K [0x0000000084e00000, 0x0000000100000000)
  region size 1024K, 27 young (27648K), 12 survivors (12288K)
 Metaspace       used 52866K, capacity 54634K, committed 54860K, reserved 1095680K
  class space    used 7095K, capacity 7806K, committed 7808K, reserved 1048576K
GC Heap History (20 events):
Event: 0.655 GC heap before
{Heap before GC invocations=1 (full 0):
 garbage-first heap   total 129024K, used 12421K [0x0000000084e00000, 0x0000000100000000)
  region size 1024K, 9 young (9216K), 2 survivors (2048K)
 Metaspace       used 6847K, capacity 7174K, committed 7424K, reserved 1056768K
  class space    used 799K, capacity 904K, committed 1024K, reserved 1048576K
}
Event: 0.663 GC heap after
{Heap after GC invocations=2 (full 0):
 garbage-first heap   total 129024K, used 6895K [0x0000000084e00000, 0x0000000100000000)
  region size 1024K, 1 young (1024K), 1 survivors (1024K)
 Metaspace       used 6847K, capacity 7174K, committed 7424K, reserved 1056768K
  class space    used 799K, capacity 904K, committed 1024K, reserved 1048576K
}
Event: 0.959 GC heap before
{Heap before GC invocations=2 (full 0):
 garbage-first heap   total 129024K, used 32495K [0x0000000084e00000, 0x0000000100000000)
  region size 1024K, 26 young (26624K), 1 survivors (1024K)
 Metaspace       used 9171K, capacity 9625K, committed 9728K, reserved 1058816K
  class space    used 1108K, capacity 1280K, committed 1280K, reserved 1048576K
}
Event: 0.963 GC heap after
{Heap after GC invocations=3 (full 0):
 garbage-first heap   total 129024K, used 7965K [0x0000000084e00000, 0x0000000100000000)
  region size 1024K, 2 young (2048K), 2 survivors (2048K)
 Metaspace       used 9171K, capacity 9625K, committed 9728K, reserved 1058816K
  class space    used 1108K, capacity 1280K, committed 1280K, reserved 1048576K
}
Event: 1.325 GC heap before
{Heap before GC invocations=3 (full 0):
 garbage-first heap   total 129024K, used 62237K [0x0000000084e00000, 0x0000000100000000)
  region size 1024K, 56 young (57344K), 2 survivors (2048K)
 Metaspace       used 14024K, capacity 14810K, committed 14976K, reserved 1062912K
  class space    used 1834K, capacity 2154K, committed 2176K, reserved 1048576K
}
Event: 1.330 GC heap after
{Heap after GC invocations=4 (full 0):
 garbage-first heap   total 129024K, used 9590K [0x0000000084e00000, 0x0000000100000000)
  region size 1024K, 3 young (3072K), 3 survivors (3072K)
 Metaspace       used 14024K, capacity 14810K, committed 14976K, reserved 1062912K
  class space    used 1834K, capacity 2154K, committed 2176K, reserved 1048576K
}
Event: 1.605 GC heap before
{Heap before GC invocations=4 (full 0):
 garbage-first heap   total 129024K, used 75126K [0x0000000084e00000, 0x0000000100000000)
  region size 1024K, 68 young (69632K), 3 survivors (3072K)
 Metaspace       used 17633K, capacity 18482K, committed 18560K, reserved 1064960K
  class space    used 2294K, capacity 2631K, committed 2688K, reserved 1048576K
}
Event: 1.613 GC heap after
{Heap after GC invocations=5 (full 0):
 garbage-first heap   total 165888K, used 10632K [0x0000000084e00000, 0x0000000100000000)
  region size 1024K, 4 young (4096K), 4 survivors (4096K)
 Metaspace       used 17633K, capacity 18482K, committed 18560K, reserved 1064960K
  class space    used 2294K, capacity 2631K, committed 2688K, reserved 1048576K
}
Event: 2.051 GC heap before
{Heap before GC invocations=5 (full 0):
 garbage-first heap   total 165888K, used 82312K [0x0000000084e00000, 0x0000000100000000)
  region size 1024K, 76 young (77824K), 4 survivors (4096K)
 Metaspace       used 20165K, capacity 21108K, committed 21248K, reserved 1067008K
  class space    used 2632K, capacity 2992K, committed 3072K, reserved 1048576K
}
Event: 2.062 GC heap after
{Heap after GC invocations=6 (full 0):
 garbage-first heap   total 165888K, used 12622K [0x0000000084e00000, 0x0000000100000000)
  region size 1024K, 6 young (6144K), 6 survivors (6144K)
 Metaspace       used 20165K, capacity 21108K, committed 21248K, reserved 1067008K
  class space    used 2632K, capacity 2992K, committed 3072K, reserved 1048576K
}
Event: 2.738 GC heap before
{Heap before GC invocations=7 (full 0):
 garbage-first heap   total 165888K, used 98638K [0x0000000084e00000, 0x0000000100000000)
  region size 1024K, 91 young (93184K), 6 survivors (6144K)
 Metaspace       used 25931K, capacity 27140K, committed 27264K, reserved 1073152K
  class space    used 3422K, capacity 3905K, committed 3968K, reserved 1048576K
}
Event: 2.753 GC heap after
{Heap after GC invocations=8 (full 0):
 garbage-first heap   total 165888K, used 15723K [0x0000000084e00000, 0x0000000100000000)
  region size 1024K, 9 young (9216K), 9 survivors (9216K)
 Metaspace       used 25931K, capacity 27140K, committed 27264K, reserved 1073152K
  class space    used 3422K, capacity 3905K, committed 3968K, reserved 1048576K
}
Event: 3.127 GC heap before
{Heap before GC invocations=8 (full 0):
 garbage-first heap   total 165888K, used 104811K [0x0000000084e00000, 0x0000000100000000)
  region size 1024K, 97 young (99328K), 9 survivors (9216K)
 Metaspace       used 30032K, capacity 31293K, committed 31744K, reserved 1077248K
  class space    used 4006K, capacity 4521K, committed 4608K, reserved 1048576K
}
Event: 3.142 GC heap after
{Heap after GC invocations=9 (full 0):
 garbage-first heap   total 165888K, used 16816K [0x0000000084e00000, 0x0000000100000000)
  region size 1024K, 8 young (8192K), 8 survivors (8192K)
 Metaspace       used 30032K, capacity 31293K, committed 31744K, reserved 1077248K
  class space    used 4006K, capacity 4521K, committed 4608K, reserved 1048576K
}
Event: 3.439 GC heap before
{Heap before GC invocations=9 (full 0):
 garbage-first heap   total 165888K, used 60848K [0x0000000084e00000, 0x0000000100000000)
  region size 1024K, 52 young (53248K), 8 survivors (8192K)
 Metaspace       used 34255K, capacity 35573K, committed 35840K, reserved 1079296K
  class space    used 4590K, capacity 5136K, committed 5248K, reserved 1048576K
}
Event: 3.455 GC heap after
{Heap after GC invocations=10 (full 0):
 garbage-first heap   total 221184K, used 19185K [0x0000000084e00000, 0x0000000100000000)
  region size 1024K, 9 young (9216K), 9 survivors (9216K)
 Metaspace       used 34255K, capacity 35573K, committed 35840K, reserved 1079296K
  class space    used 4590K, capacity 5136K, committed 5248K, reserved 1048576K
}
Event: 7.851 GC heap before
{Heap before GC invocations=11 (full 0):
 garbage-first heap   total 221184K, used 141041K [0x0000000084e00000, 0x0000000100000000)
  region size 1024K, 129 young (132096K), 9 survivors (9216K)
 Metaspace       used 44613K, capacity 46043K, committed 46284K, reserved 1089536K
  class space    used 6011K, capacity 6596K, committed 6656K, reserved 1048576K
}
Event: 7.866 GC heap after
{Heap after GC invocations=12 (full 0):
 garbage-first heap   total 221184K, used 21570K [0x0000000084e00000, 0x0000000100000000)
  region size 1024K, 11 young (11264K), 11 survivors (11264K)
 Metaspace       used 44613K, capacity 46043K, committed 46284K, reserved 1089536K
  class space    used 6011K, capacity 6596K, committed 6656K, reserved 1048576K
}
Event: 4801.417 GC heap before
{Heap before GC invocations=12 (full 0):
 garbage-first heap   total 221184K, used 142402K [0x0000000084e00000, 0x0000000100000000)
  region size 1024K, 129 young (132096K), 11 survivors (11264K)
 Metaspace       used 52335K, capacity 54147K, committed 54348K, reserved 1095680K
  class space    used 7000K, capacity 7732K, committed 7808K, reserved 1048576K
}
Event: 4801.502 GC heap after
{Heap after GC invocations=13 (full 0):
 garbage-first heap   total 221184K, used 26200K [0x0000000084e00000, 0x0000000100000000)
  region size 1024K, 12 young (12288K), 12 survivors (12288K)
 Metaspace       used 52335K, capacity 54147K, committed 54348K, reserved 1095680K
  class space    used 7000K, capacity 7732K, committed 7808K, reserved 1048576K
}

